<?xml version="1.0" encoding="UTF-8"?>
<testng-results skipped="0" failed="0" total="1" passed="1">
  <reporter-output>
  </reporter-output>
  <suite name="Suite" duration-ms="25" started-at="2020-04-29T04:36:28Z" finished-at="2020-04-29T04:36:28Z">
    <groups>
    </groups>
    <test name="Test" duration-ms="25" started-at="2020-04-29T04:36:28Z" finished-at="2020-04-29T04:36:28Z">
      <class name="pkg1.CLass1">
        <test-method status="PASS" signature="tc1()[pri:0, instance:pkg1.CLass1@6adca536]" name="tc1" duration-ms="10" started-at="2020-04-28T21:36:28Z" finished-at="2020-04-28T21:36:28Z">
          <reporter-output>
          </reporter-output>
        </test-method> <!-- tc1 -->
      </class> <!-- pkg1.CLass1 -->
    </test> <!-- Test -->
  </suite> <!-- Suite -->
</testng-results>
